\BOOKMARK [0][-]{chapter.1}{\376\377\000U\000M\000L}{}% 1
\BOOKMARK [1][-]{section.1.1}{\376\377\000M\000o\000d\000\351\000l\000i\000s\000a\000t\000i\000o\000n}{chapter.1}% 2
\BOOKMARK [1][-]{section.1.2}{\376\377\000D\000i\000a\000g\000r\000a\000m\000m\000e\000\040\000d\000e\000\040\000C\000a\000s\000\040\000d\000'\000U\000t\000i\000l\000i\000s\000a\000t\000i\000o\000n}{chapter.1}% 3
\BOOKMARK [1][-]{section.1.3}{\376\377\000D\000i\000a\000g\000r\000a\000m\000m\000e\000\040\000d\000'\000A\000c\000t\000i\000v\000i\000t\000\351}{chapter.1}% 4
\BOOKMARK [1][-]{section.1.4}{\376\377\000D\000i\000a\000g\000r\000a\000m\000m\000e\000\040\000d\000'\000I\000n\000t\000e\000r\000a\000c\000t\000i\000o\000n}{chapter.1}% 5
\BOOKMARK [1][-]{section.1.5}{\376\377\000D\000i\000a\000g\000r\000a\000m\000m\000e\000\040\000d\000e\000\040\000C\000l\000a\000s\000s\000e}{chapter.1}% 6
\BOOKMARK [1][-]{section.1.6}{\376\377\000D\000i\000a\000g\000r\000a\000m\000m\000e\000\040\000d\000e\000\040\000S\000\351\000q\000u\000e\000n\000c\000e}{chapter.1}% 7
\BOOKMARK [2][-]{subsection.1.6.1}{\376\377\000\311\000l\000\351\000m\000e\000n\000t\000s}{section.1.6}% 8
\BOOKMARK [2][-]{subsection.1.6.2}{\376\377\000\311\000t\000a\000p\000e\000s}{section.1.6}% 9
\BOOKMARK [2][-]{subsection.1.6.3}{\376\377\000F\000r\000a\000g\000m\000e\000n\000t\000s\000\040\000C\000o\000m\000b\000i\000n\000\351\000s}{section.1.6}% 10
\BOOKMARK [1][-]{section.1.7}{\376\377\000D\000i\000a\000g\000r\000a\000m\000m\000e\000\040\000d\000'\000\311\000t\000a\000t\000s\000\040\000C\000o\000m\000p\000o\000r\000t\000e\000m\000e\000n\000t\000a\000u\000x}{chapter.1}% 11
\BOOKMARK [0][-]{chapter.2}{\376\377\000D\000\351\000v\000e\000l\000o\000p\000p\000e\000m\000e\000n\000t\000\040\000d\000i\000r\000i\000g\000\351\000\040\000p\000a\000r\000\040\000l\000e\000s\000\040\000m\000o\000d\000\350\000l\000e\000s}{}% 12
\BOOKMARK [1][-]{section.2.1}{\376\377\000D\000e\000s\000i\000g\000n\000\040\000P\000a\000t\000t\000e\000r\000n\000s}{chapter.2}% 13
\BOOKMARK [2][-]{subsection.2.1.1}{\376\377\000C\000o\000m\000p\000o\000s\000i\000t\000e}{section.2.1}% 14
\BOOKMARK [2][-]{subsection.2.1.2}{\376\377\000V\000i\000s\000i\000t\000o\000r}{section.2.1}% 15
\BOOKMARK [2][-]{subsection.2.1.3}{\376\377\000O\000b\000s\000e\000r\000v\000e\000r}{section.2.1}% 16
\BOOKMARK [2][-]{subsection.2.1.4}{\376\377\000S\000i\000n\000g\000l\000e\000t\000o\000n}{section.2.1}% 17
\BOOKMARK [2][-]{subsection.2.1.5}{\376\377\000D\000e\000c\000o\000r\000a\000t\000o\000r}{section.2.1}% 18
\BOOKMARK [1][-]{section.2.2}{\376\377\000J\000a\000v\000a}{chapter.2}% 19
\BOOKMARK [2][-]{subsection.2.2.1}{\376\377\000O\000r\000i\000e\000n\000t\000\351\000\040\000O\000b\000j\000e\000t}{section.2.2}% 20
\BOOKMARK [2][-]{subsection.2.2.2}{\376\377\000V\000a\000r\000i\000a\000b\000l\000e\000s}{section.2.2}% 21
\BOOKMARK [2][-]{subsection.2.2.3}{\376\377\000M\000\351\000t\000h\000o\000d\000e\000s}{section.2.2}% 22
\BOOKMARK [2][-]{subsection.2.2.4}{\376\377\000C\000l\000a\000s\000s\000e\000s}{section.2.2}% 23
\BOOKMARK [0][-]{chapter.3}{\376\377\000E\000x\000a\000m\000e\000n\000s\000\040\000C\000o\000r\000r\000i\000g\000\351\000s}{}% 24
\BOOKMARK [1][-]{section.3.1}{\376\377\000M\000o\000d\000\351\000l\000i\000s\000a\000t\000i\000o\000n\000\040\000l\000o\000g\000i\000c\000i\000e\000l\000l\000e}{chapter.3}% 25
\BOOKMARK [2][-]{subsection.3.1.1}{\376\377\000E\000x\000a\000m\000e\000n\000\040\000j\000a\000n\000v\000i\000e\000r\000\040\0002\0000\0002\0002}{section.3.1}% 26
\BOOKMARK [1][-]{section.3.2}{\376\377\000D\000\351\000v\000e\000l\000o\000p\000e\000m\000e\000n\000t\000\040\000d\000i\000r\000i\000g\000\351\000\040\000p\000a\000r\000\040\000l\000e\000s\000\040\000m\000o\000d\000\350\000l\000e\000s}{chapter.3}% 27
\BOOKMARK [2][-]{subsection.3.2.1}{\376\377\000E\000x\000a\000m\000e\000n\000\040\0002\0000\0002\0002}{section.3.2}% 28
