\BOOKMARK [1][-]{section.1}{\376\377\000I\000n\000t\000r\000o\000d\000u\000c\000t\000i\000o\000n}{}% 1
\BOOKMARK [1][-]{section.2}{\376\377\000D\000e\000s\000c\000r\000i\000p\000t\000i\000o\000n}{}% 2
\BOOKMARK [2][-]{subsection.2.1}{\376\377\000O\000b\000j\000e\000c\000t\000i\000f}{section.2}% 3
\BOOKMARK [2][-]{subsection.2.2}{\376\377\000A\000c\000t\000i\000o\000n\000s}{section.2}% 4
\BOOKMARK [2][-]{subsection.2.3}{\376\377\000C\000r\000i\000t\000\350\000r\000e\000s}{section.2}% 5
\BOOKMARK [2][-]{subsection.2.4}{\376\377\000S\000c\000\351\000n\000a\000r\000i\000o\000s}{section.2}% 6
\BOOKMARK [1][-]{section.3}{\376\377\000M\000o\000d\000\351\000l\000i\000s\000a\000t\000i\000o\000n}{}% 7
\BOOKMARK [2][-]{subsection.3.1}{\376\377\000\311\000c\000h\000e\000l\000l\000e\000s}{section.3}% 8
\BOOKMARK [2][-]{subsection.3.2}{\376\377\000F\000o\000n\000c\000t\000i\000o\000n\000s\000\040\000d\000e\000\040\000p\000r\000\351\000f\000\351\000r\000e\000n\000c\000e}{section.3}% 9
\BOOKMARK [2][-]{subsection.3.3}{\376\377\000P\000o\000i\000d\000s\000\040\000d\000e\000s\000\040\000c\000r\000i\000t\000\350\000r\000e\000s}{section.3}% 10
\BOOKMARK [1][-]{section.4}{\376\377\000A\000n\000a\000l\000y\000s\000e\000\040\000P\000r\000o\000m\000e\000t\000h\000e\000e}{}% 11
\BOOKMARK [2][-]{subsection.4.1}{\376\377\000C\000l\000a\000s\000s\000e\000m\000e\000n\000t\000s\000\040\000P\000r\000o\000m\000e\000t\000h\000e\000e}{section.4}% 12
\BOOKMARK [2][-]{subsection.4.2}{\376\377\000G\000r\000a\000p\000h\000e\000\040\000P\000r\000o\000m\000e\000t\000h\000e\000e}{section.4}% 13
\BOOKMARK [2][-]{subsection.4.3}{\376\377\000D\000i\000a\000m\000a\000n\000t\000\040\000P\000r\000o\000m\000e\000t\000h\000e\000e}{section.4}% 14
\BOOKMARK [2][-]{subsection.4.4}{\376\377\000A\000r\000c\000\040\000E\000n\000\040\000C\000i\000e\000l\000\040\000P\000r\000o\000m\000e\000t\000h\000e\000e}{section.4}% 15
\BOOKMARK [2][-]{subsection.4.5}{\376\377\000A\000n\000a\000l\000y\000s\000e\000\040\000d\000e\000\040\000p\000e\000r\000f\000o\000r\000m\000a\000n\000c\000e\000s}{section.4}% 16
\BOOKMARK [2][-]{subsection.4.6}{\376\377\000G\000r\000a\000p\000h\000e\000\040\000d\000'\000e\000f\000f\000i\000c\000a\000c\000i\000t\000\351}{section.4}% 17
\BOOKMARK [2][-]{subsection.4.7}{\376\377\000P\000r\000o\000m\000e\000t\000h\000e\000e\000\040\000V}{section.4}% 18
\BOOKMARK [1][-]{section.5}{\376\377\000A\000n\000a\000l\000y\000s\000e\000\040\000G\000a\000i\000a}{}% 19
\BOOKMARK [2][-]{subsection.5.1}{\376\377\000G\000a\000i\000a\000\040\0003\000D}{section.5}% 20
\BOOKMARK [2][-]{subsection.5.2}{\376\377\000G\000a\000i\000a\000\040\000W\000e\000b\000s}{section.5}% 21
\BOOKMARK [2][-]{subsection.5.3}{\376\377\000P\000r\000o\000f\000i\000l\000s\000\040\000d\000'\000a\000c\000t\000i\000o\000n\000s}{section.5}% 22
\BOOKMARK [1][-]{section.6}{\376\377\000A\000n\000a\000l\000y\000s\000e\000\040\000d\000e\000\040\000S\000e\000n\000s\000i\000b\000i\000l\000i\000t\000\351}{}% 23
\BOOKMARK [2][-]{subsection.6.1}{\376\377\000P\000o\000i\000d\000s\000\040\000\311\000g\000a\000u\000x}{section.6}% 24
\BOOKMARK [2][-]{subsection.6.2}{\376\377\000W\000a\000l\000k\000i\000n\000g\000\040\000W\000e\000i\000g\000h\000t\000s}{section.6}% 25
\BOOKMARK [2][-]{subsection.6.3}{\376\377\000I\000n\000t\000e\000r\000v\000a\000l\000l\000e\000s\000\040\000d\000e\000\040\000S\000t\000a\000b\000i\000l\000i\000t\000\351}{section.6}% 26
\BOOKMARK [2][-]{subsection.6.4}{\376\377\000C\000e\000r\000v\000e\000a\000u\000\040\000G\000a\000i\000a}{section.6}% 27
\BOOKMARK [2][-]{subsection.6.5}{\376\377\000B\000a\000l\000a\000n\000c\000e\000\040\000d\000e\000\040\000p\000o\000u\000v\000o\000i\000r}{section.6}% 28
\BOOKMARK [1][-]{section.7}{\376\377\000A\000n\000a\000l\000y\000s\000e\000\040\000M\000u\000l\000t\000i\000-\000S\000c\000\351\000n\000a\000r\000i\000o\000s}{}% 29
\BOOKMARK [2][-]{subsection.7.1}{\376\377\000C\000o\000a\000l\000i\000t\000i\000o\000n\000\040\0001\000\040\000:\000\040\000T\000i\000t\000u\000l\000a\000i\000r\000e\000\040\000d\000'\000u\000n\000\040\000C\000E\000S\000S}{section.7}% 30
\BOOKMARK [2][-]{subsection.7.2}{\376\377\000C\000o\000a\000l\000i\000t\000i\000o\000n\000\040\0002\000\040\000:\000\040\000T\000i\000t\000u\000l\000a\000i\000r\000e\000\040\000d\000'\000u\000n\000\040\000B\000a\000c\000h\000e\000l\000i\000e\000r\000\040\000d\000e\000\040\000P\000r\000o\000m\000o\000t\000i\000o\000n\000\040\000S\000o\000c\000i\000a\000l\000e}{section.7}% 31
\BOOKMARK [1][-]{section.8}{\376\377\000C\000o\000n\000c\000l\000u\000s\000i\000o\000n}{}% 32
\BOOKMARK [1][-]{section.9}{\376\377\000R\000\351\000f\000\351\000r\000e\000n\000c\000e\000s}{}% 33
\BOOKMARK [1][-]{section.10}{\376\377\000A\000n\000n\000e\000x\000e\000s}{}% 34
